<?xml version="1.0" encoding="UTF-8"?>
<testsuites name="Test Suite1" time="14.08" tests="1" failures="0" errors="0">
   <testsuite name="Test Suite1" tests="1" failures="0" errors="0" time="14.08" skipped="0" timestamp="2023-06-22 16:09:34" hostname="r.carta - cmit-rcarta.mshome.net" id="Test Suites/Test Suite1">
      <properties>
         <property name="deviceName" value=""/>
         <property name="devicePlatform" value=""/>
         <property name="logFolder" value="C:\\Users\\r.carta\\git\\SuitsKatalon\\Reports\\20230622_160931\\Test Suite1\\20230622_160931"/>
         <property name="logFiles" value="C:\\Users\\r.carta\\git\\SuitsKatalon\\Reports\\20230622_160931\\Test Suite1\\20230622_160931\\execution0.log"/>
         <property name="attachments" value=""/>
         <property name="hostName" value="r.carta - cmit-rcarta.mshome.net"/>
         <property name="os" value="Windows 10 64bit"/>
         <property name="katalonVersion" value="8.6.5.208"/>
         <property name="browser" value="Chrome 114.0.0.0"/>
         <property name="hostAddress" value="172.31.48.1"/>
         <property name="sessionId" value="834d6487d1c27a251afb78736e586dd5"/>
         <property name="seleniumVersion" value="3.141.59"/>
         <property name="proxyInformation" value="ProxyInformation { proxyOption=NO_PROXY, proxyServerType=HTTP, username=, password=********, proxyServerAddress=, proxyServerPort=0, executionList=&quot;&quot;, isApplyToDesiredCapabilities=true }"/>
         <property name="platform" value="Windows 10"/>
      </properties>
      <testcase name="Test Cases/CBStocksAdmin" time="13.81" classname="Test Cases/CBStocksAdmin" status="PASSED">
         <system-out><![CDATA[2023-06-22 16:09:34 - [TEST_CASE][PASSED] - Test Cases/CBStocksAdmin: Test Cases/CBStocksAdmin

2023-06-22 16:09:34 - [TEST_STEP][PASSED] - openBrowser(""): Browser is opened with url: ''

2023-06-22 16:09:34 - [MESSAGE][INFO] - Starting 'Chrome' driver

2023-06-22 16:09:35 - [MESSAGE][INFO] - Action delay is set to 0 milliseconds

2023-06-22 16:09:37 - [MESSAGE][PASSED] - Browser is opened with url: ''

2023-06-22 16:09:37 - [TEST_STEP][PASSED] - navigateToUrl("https://cmiti-dev.outsystemsenterprise.com/STOCKSADMINSYSTEMS/"): Navigate to 'https://cmiti-dev.outsystemsenterprise.com/STOCKSADMINSYSTEMS/' successfully

2023-06-22 16:09:38 - [MESSAGE][PASSED] - Navigate to 'https://cmiti-dev.outsystemsenterprise.com/STOCKSADMINSYSTEMS/' successfully

2023-06-22 16:09:38 - [TEST_STEP][PASSED] - setText(findTestObject("Object Repository/Page_Login/input_Username_Input_UsernameVal"), "lemms14345"): Text 'lemms14345' is set on object 'Object Repository/Page_Login/input_Username_Input_UsernameVal'

2023-06-22 16:09:40 - [MESSAGE][PASSED] - Text 'lemms14345' is set on object 'Object Repository/Page_Login/input_Username_Input_UsernameVal'

2023-06-22 16:09:40 - [TEST_STEP][PASSED] - setEncryptedText(findTestObject("Object Repository/Page_Login/input_Password_Input_PasswordVal"), "mkFEn9pTYmSGCzLQlGwcKg=="): Text ****** has been set on object 'Object Repository/Page_Login/input_Password_Input_PasswordVal'

2023-06-22 16:09:41 - [MESSAGE][PASSED] - Text ****** has been set on object 'Object Repository/Page_Login/input_Password_Input_PasswordVal'

2023-06-22 16:09:41 - [TEST_STEP][PASSED] - click(findTestObject("Object Repository/Page_Login/button_Login")): Object: 'Object Repository/Page_Login/button_Login' is clicked on

2023-06-22 16:09:42 - [MESSAGE][PASSED] - Object: 'Object Repository/Page_Login/button_Login' is clicked on

2023-06-22 16:09:42 - [TEST_STEP][PASSED] - click(findTestObject("Object Repository/Page_Login/input_Username_Input_UsernameVal")): Object: 'Object Repository/Page_Login/input_Username_Input_UsernameVal' is clicked on

2023-06-22 16:09:43 - [MESSAGE][PASSED] - Object: 'Object Repository/Page_Login/input_Username_Input_UsernameVal' is clicked on

2023-06-22 16:09:43 - [TEST_STEP][PASSED] - click(findTestObject("Object Repository/Page_Login/i_Password_icon fa fa-eye-slash fa-2x")): Object: 'Object Repository/Page_Login/i_Password_icon fa fa-eye-slash fa-2x' is clicked on

2023-06-22 16:09:43 - [MESSAGE][PASSED] - Object: 'Object Repository/Page_Login/i_Password_icon fa fa-eye-slash fa-2x' is clicked on

2023-06-22 16:09:43 - [TEST_STEP][PASSED] - setText(findTestObject("Object Repository/Page_Login/input_Password_Input_PasswordVal_1"), "@New1234"): Text '@New1234' is set on object 'Object Repository/Page_Login/input_Password_Input_PasswordVal_1'

2023-06-22 16:09:45 - [MESSAGE][PASSED] - Text '@New1234' is set on object 'Object Repository/Page_Login/input_Password_Input_PasswordVal_1'

2023-06-22 16:09:45 - [TEST_STEP][PASSED] - click(findTestObject("Object Repository/Page_Login/button_Login")): Object: 'Object Repository/Page_Login/button_Login' is clicked on

2023-06-22 16:09:45 - [MESSAGE][PASSED] - Object: 'Object Repository/Page_Login/button_Login' is clicked on

2023-06-22 16:09:45 - [TEST_STEP][PASSED] - click(findTestObject("Object Repository/Page_Dashboard/i_User Management_icon fa fa-power-off fa-2x")): Object: 'Object Repository/Page_Dashboard/i_User Management_icon fa fa-power-off fa-2x' is clicked on

2023-06-22 16:09:47 - [MESSAGE][PASSED] - Object: 'Object Repository/Page_Dashboard/i_User Management_icon fa fa-power-off fa-2x' is clicked on

2023-06-22 16:09:47 - [TEST_STEP][PASSED] - click(findTestObject("Object Repository/Page_Dashboard/button_Logout")): Object: 'Object Repository/Page_Dashboard/button_Logout' is clicked on

2023-06-22 16:09:48 - [MESSAGE][PASSED] - Object: 'Object Repository/Page_Dashboard/button_Logout' is clicked on]]></system-out>
         <system-err><![CDATA[]]></system-err>
      </testcase>
      <system-out><![CDATA[2023-06-22 16:09:34 - [TEST_SUITE][PASSED] - Test Suite1: Test Cases/CBStocksAdmin]]></system-out>
      <system-err><![CDATA[]]></system-err>
   </testsuite>
</testsuites>
